# JRE version: OpenJDK Runtime Environment Temurin-21.0.8+9 (21.0.8+9) (build 21.0.8+9-LTS)
# Java VM: OpenJDK 64-Bit Server VM Temurin-21.0.8+9 (21.0.8+9-LTS, mixed mode, sharing, tiered, compressed oops, compressed class ptrs, parallel gc, windows-amd64)
GC Precious Log:
 CardTable entry size: 512
 CPUs: 12 total, 12 available
 Memory: 15766M
 Large Page Support: Disabled
 NUMA Support: Disabled
 Compressed Oops: Enabled (32-bit)
 Alignments: Space 512K, Generation 512K, Heap 2M
 Heap Min Capacity: 100M
 Heap Initial Capacity: 100M
 Heap Max Capacity: 2G
 Pre-touch: Disabled
 Parallel Workers: 10
Heap:
 PSYoungGen      total 14336K, used 10807K [0x00000000d5580000, 0x00000000d6880000, 0x0000000100000000)
  eden space 12288K, 71% used [0x00000000d5580000,0x00000000d5e11f40,0x00000000d6180000)
  from space 2048K, 99% used [0x00000000d6500000,0x00000000d66fc030,0x00000000d6700000)
  to   space 3584K, 0% used [0x00000000d6180000,0x00000000d6180000,0x00000000d6500000)
 ParOldGen       total 159744K, used 159503K [0x0000000080000000, 0x0000000089c00000, 0x00000000d5580000)
  object space 159744K, 99% used [0x0000000080000000,0x0000000089bc3eb8,0x0000000089c00000)
 Metaspace       used 65989K, committed 67584K, reserved 1114112K
  class space    used 7011K, committed 7680K, reserved 1048576K
GC Heap History (20 events):
Event: 7.005 GC heap before
{Heap before GC invocations=128 (full 3):
 PSYoungGen      total 12800K, used 12655K [0x00000000d5580000, 0x00000000d6300000, 0x0000000100000000)
  eden space 12288K, 99% used [0x00000000d5580000,0x00000000d617be70,0x00000000d6180000)
  from space 512K, 75% used [0x00000000d6280000,0x00000000d62e0000,0x00000000d6300000)
  to   space 512K, 0% used [0x00000000d6200000,0x00000000d6200000,0x00000000d6280000)
 ParOldGen       total 144384K, used 143978K [0x0000000080000000, 0x0000000088d00000, 0x00000000d5580000)
  object space 144384K, 99% used [0x0000000080000000,0x0000000088c9a9e0,0x0000000088d00000)
 Metaspace       used 61562K, committed 63104K, reserved 1114112K
  class space    used 6587K, committed 7232K, reserved 1048576K
}
Event: 7.007 GC heap after
{Heap after GC invocations=128 (full 3):
 PSYoungGen      total 12800K, used 512K [0x00000000d5580000, 0x00000000d7080000, 0x0000000100000000)
  eden space 12288K, 0% used [0x00000000d5580000,0x00000000d5580000,0x00000000d6180000)
  from space 512K, 100% used [0x00000000d6200000,0x00000000d6280000,0x00000000d6280000)
  to   space 7680K, 0% used [0x00000000d6900000,0x00000000d6900000,0x00000000d7080000)
 ParOldGen       total 150016K, used 149950K [0x0000000080000000, 0x0000000089280000, 0x00000000d5580000)
  object space 150016K, 99% used [0x0000000080000000,0x000000008926f938,0x0000000089280000)
 Metaspace       used 61562K, committed 63104K, reserved 1114112K
  class space    used 6587K, committed 7232K, reserved 1048576K
}
Event: 7.043 GC heap before
{Heap before GC invocations=129 (full 3):
 PSYoungGen      total 12800K, used 12800K [0x00000000d5580000, 0x00000000d7080000, 0x0000000100000000)
  eden space 12288K, 100% used [0x00000000d5580000,0x00000000d6180000,0x00000000d6180000)
  from space 512K, 100% used [0x00000000d6200000,0x00000000d6280000,0x00000000d6280000)
  to   space 7680K, 0% used [0x00000000d6900000,0x00000000d6900000,0x00000000d7080000)
 ParOldGen       total 150016K, used 149950K [0x0000000080000000, 0x0000000089280000, 0x00000000d5580000)
  object space 150016K, 99% used [0x0000000080000000,0x000000008926f938,0x0000000089280000)
 Metaspace       used 61973K, committed 63488K, reserved 1114112K
  class space    used 6626K, committed 7232K, reserved 1048576K
}
Event: 7.045 GC heap after
{Heap after GC invocations=129 (full 3):
 PSYoungGen      total 13824K, used 1393K [0x00000000d5580000, 0x00000000d6a80000, 0x0000000100000000)
  eden space 12288K, 0% used [0x00000000d5580000,0x00000000d5580000,0x00000000d6180000)
  from space 1536K, 90% used [0x00000000d6900000,0x00000000d6a5c750,0x00000000d6a80000)
  to   space 3584K, 0% used [0x00000000d6380000,0x00000000d6380000,0x00000000d6700000)
 ParOldGen       total 150528K, used 150431K [0x0000000080000000, 0x0000000089300000, 0x00000000d5580000)
  object space 150528K, 99% used [0x0000000080000000,0x00000000892e7e88,0x0000000089300000)
 Metaspace       used 61973K, committed 63488K, reserved 1114112K
  class space    used 6626K, committed 7232K, reserved 1048576K
}
Event: 7.062 GC heap before
{Heap before GC invocations=130 (full 3):
 PSYoungGen      total 13824K, used 13681K [0x00000000d5580000, 0x00000000d6a80000, 0x0000000100000000)
  eden space 12288K, 100% used [0x00000000d5580000,0x00000000d6180000,0x00000000d6180000)
  from space 1536K, 90% used [0x00000000d6900000,0x00000000d6a5c750,0x00000000d6a80000)
  to   space 3584K, 0% used [0x00000000d6380000,0x00000000d6380000,0x00000000d6700000)
 ParOldGen       total 150528K, used 150431K [0x0000000080000000, 0x0000000089300000, 0x00000000d5580000)
  object space 150528K, 99% used [0x0000000080000000,0x00000000892e7e88,0x0000000089300000)
 Metaspace       used 62033K, committed 63552K, reserved 1114112K
  class space    used 6632K, committed 7232K, reserved 1048576K
}
Event: 7.064 GC heap after
{Heap after GC invocations=130 (full 3):
 PSYoungGen      total 15872K, used 704K [0x00000000d5580000, 0x00000000d6980000, 0x0000000100000000)
  eden space 12288K, 0% used [0x00000000d5580000,0x00000000d5580000,0x00000000d6180000)
  from space 3584K, 19% used [0x00000000d6380000,0x00000000d6430000,0x00000000d6700000)
  to   space 1536K, 0% used [0x00000000d6800000,0x00000000d6800000,0x00000000d6980000)
 ParOldGen       total 152064K, used 151588K [0x0000000080000000, 0x0000000089480000, 0x00000000d5580000)
  object space 152064K, 99% used [0x0000000080000000,0x0000000089409138,0x0000000089480000)
 Metaspace       used 62033K, committed 63552K, reserved 1114112K
  class space    used 6632K, committed 7232K, reserved 1048576K
}
Event: 7.112 GC heap before
{Heap before GC invocations=131 (full 3):
 PSYoungGen      total 15872K, used 12966K [0x00000000d5580000, 0x00000000d6980000, 0x0000000100000000)
  eden space 12288K, 99% used [0x00000000d5580000,0x00000000d6179ab0,0x00000000d6180000)
  from space 3584K, 19% used [0x00000000d6380000,0x00000000d6430000,0x00000000d6700000)
  to   space 1536K, 0% used [0x00000000d6800000,0x00000000d6800000,0x00000000d6980000)
 ParOldGen       total 152064K, used 151588K [0x0000000080000000, 0x0000000089480000, 0x00000000d5580000)
  object space 152064K, 99% used [0x0000000080000000,0x0000000089409138,0x0000000089480000)
 Metaspace       used 62388K, committed 63872K, reserved 1114112K
  class space    used 6687K, committed 7296K, reserved 1048576K
}
Event: 7.114 GC heap after
{Heap after GC invocations=131 (full 3):
 PSYoungGen      total 13824K, used 1505K [0x00000000d5580000, 0x00000000d6980000, 0x0000000100000000)
  eden space 12288K, 0% used [0x00000000d5580000,0x00000000d5580000,0x00000000d6180000)
  from space 1536K, 98% used [0x00000000d6800000,0x00000000d69786d0,0x00000000d6980000)
  to   space 2560K, 0% used [0x00000000d6480000,0x00000000d6480000,0x00000000d6700000)
 ParOldGen       total 152576K, used 152288K [0x0000000080000000, 0x0000000089500000, 0x00000000d5580000)
  object space 152576K, 99% used [0x0000000080000000,0x00000000894b83c0,0x0000000089500000)
 Metaspace       used 62388K, committed 63872K, reserved 1114112K
  class space    used 6687K, committed 7296K, reserved 1048576K
}
Event: 7.169 GC heap before
{Heap before GC invocations=132 (full 3):
 PSYoungGen      total 13824K, used 13793K [0x00000000d5580000, 0x00000000d6980000, 0x0000000100000000)
  eden space 12288K, 100% used [0x00000000d5580000,0x00000000d6180000,0x00000000d6180000)
  from space 1536K, 98% used [0x00000000d6800000,0x00000000d69786d0,0x00000000d6980000)
  to   space 2560K, 0% used [0x00000000d6480000,0x00000000d6480000,0x00000000d6700000)
 ParOldGen       total 152576K, used 152288K [0x0000000080000000, 0x0000000089500000, 0x00000000d5580000)
  object space 152576K, 99% used [0x0000000080000000,0x00000000894b83c0,0x0000000089500000)
 Metaspace       used 62742K, committed 64320K, reserved 1114112K
  class space    used 6719K, committed 7360K, reserved 1048576K
}
Event: 7.170 GC heap after
{Heap after GC invocations=132 (full 3):
 PSYoungGen      total 14848K, used 2338K [0x00000000d5580000, 0x00000000d6880000, 0x0000000100000000)
  eden space 12288K, 0% used [0x00000000d5580000,0x00000000d5580000,0x00000000d6180000)
  from space 2560K, 91% used [0x00000000d6480000,0x00000000d66c8ad8,0x00000000d6700000)
  to   space 1536K, 0% used [0x00000000d6700000,0x00000000d6700000,0x00000000d6880000)
 ParOldGen       total 154112K, used 153605K [0x0000000080000000, 0x0000000089680000, 0x00000000d5580000)
  object space 154112K, 99% used [0x0000000080000000,0x0000000089601790,0x0000000089680000)
 Metaspace       used 62742K, committed 64320K, reserved 1114112K
  class space    used 6719K, committed 7360K, reserved 1048576K
}
Event: 7.233 GC heap before
{Heap before GC invocations=133 (full 3):
 PSYoungGen      total 14848K, used 14626K [0x00000000d5580000, 0x00000000d6880000, 0x0000000100000000)
  eden space 12288K, 100% used [0x00000000d5580000,0x00000000d6180000,0x00000000d6180000)
  from space 2560K, 91% used [0x00000000d6480000,0x00000000d66c8ad8,0x00000000d6700000)
  to   space 1536K, 0% used [0x00000000d6700000,0x00000000d6700000,0x00000000d6880000)
 ParOldGen       total 154112K, used 153605K [0x0000000080000000, 0x0000000089680000, 0x00000000d5580000)
  object space 154112K, 99% used [0x0000000080000000,0x0000000089601790,0x0000000089680000)
 Metaspace       used 63182K, committed 64768K, reserved 1114112K
  class space    used 6771K, committed 7424K, reserved 1048576K
}
Event: 7.234 GC heap after
{Heap after GC invocations=133 (full 3):
 PSYoungGen      total 13312K, used 1024K [0x00000000d5580000, 0x00000000d6800000, 0x0000000100000000)
  eden space 12288K, 0% used [0x00000000d5580000,0x00000000d5580000,0x00000000d6180000)
  from space 1024K, 100% used [0x00000000d6700000,0x00000000d6800000,0x00000000d6800000)
  to   space 1536K, 0% used [0x00000000d6500000,0x00000000d6500000,0x00000000d6680000)
 ParOldGen       total 156160K, used 155748K [0x0000000080000000, 0x0000000089880000, 0x00000000d5580000)
  object space 156160K, 99% used [0x0000000080000000,0x00000000898192a8,0x0000000089880000)
 Metaspace       used 63182K, committed 64768K, reserved 1114112K
  class space    used 6771K, committed 7424K, reserved 1048576K
}
Event: 7.320 GC heap before
{Heap before GC invocations=134 (full 3):
 PSYoungGen      total 13312K, used 13312K [0x00000000d5580000, 0x00000000d6800000, 0x0000000100000000)
  eden space 12288K, 100% used [0x00000000d5580000,0x00000000d6180000,0x00000000d6180000)
  from space 1024K, 100% used [0x00000000d6700000,0x00000000d6800000,0x00000000d6800000)
  to   space 1536K, 0% used [0x00000000d6500000,0x00000000d6500000,0x00000000d6680000)
 ParOldGen       total 156160K, used 155748K [0x0000000080000000, 0x0000000089880000, 0x00000000d5580000)
  object space 156160K, 99% used [0x0000000080000000,0x00000000898192a8,0x0000000089880000)
 Metaspace       used 64021K, committed 65600K, reserved 1114112K
  class space    used 6882K, committed 7552K, reserved 1048576K
}
Event: 7.321 GC heap after
{Heap after GC invocations=134 (full 3):
 PSYoungGen      total 13824K, used 1165K [0x00000000d5580000, 0x00000000d6780000, 0x0000000100000000)
  eden space 12288K, 0% used [0x00000000d5580000,0x00000000d5580000,0x00000000d6180000)
  from space 1536K, 75% used [0x00000000d6500000,0x00000000d6623670,0x00000000d6680000)
  to   space 1024K, 0% used [0x00000000d6680000,0x00000000d6680000,0x00000000d6780000)
 ParOldGen       total 156672K, used 156577K [0x0000000080000000, 0x0000000089900000, 0x00000000d5580000)
  object space 156672K, 99% used [0x0000000080000000,0x00000000898e8450,0x0000000089900000)
 Metaspace       used 64021K, committed 65600K, reserved 1114112K
  class space    used 6882K, committed 7552K, reserved 1048576K
}
Event: 7.394 GC heap before
{Heap before GC invocations=135 (full 3):
 PSYoungGen      total 13824K, used 13453K [0x00000000d5580000, 0x00000000d6780000, 0x0000000100000000)
  eden space 12288K, 99% used [0x00000000d5580000,0x00000000d617fff0,0x00000000d6180000)
  from space 1536K, 75% used [0x00000000d6500000,0x00000000d6623670,0x00000000d6680000)
  to   space 1024K, 0% used [0x00000000d6680000,0x00000000d6680000,0x00000000d6780000)
 ParOldGen       total 156672K, used 156577K [0x0000000080000000, 0x0000000089900000, 0x00000000d5580000)
  object space 156672K, 99% used [0x0000000080000000,0x00000000898e8450,0x0000000089900000)
 Metaspace       used 64617K, committed 66240K, reserved 1114112K
  class space    used 6933K, committed 7616K, reserved 1048576K
}
Event: 7.395 GC heap after
{Heap after GC invocations=135 (full 3):
 PSYoungGen      total 13312K, used 1017K [0x00000000d5580000, 0x00000000d6780000, 0x0000000100000000)
  eden space 12288K, 0% used [0x00000000d5580000,0x00000000d5580000,0x00000000d6180000)
  from space 1024K, 99% used [0x00000000d6680000,0x00000000d677e670,0x00000000d6780000)
  to   space 2560K, 0% used [0x00000000d6280000,0x00000000d6280000,0x00000000d6500000)
 ParOldGen       total 157696K, used 157545K [0x0000000080000000, 0x0000000089a00000, 0x00000000d5580000)
  object space 157696K, 99% used [0x0000000080000000,0x00000000899da780,0x0000000089a00000)
 Metaspace       used 64617K, committed 66240K, reserved 1114112K
  class space    used 6933K, committed 7616K, reserved 1048576K
}
Event: 7.506 GC heap before
{Heap before GC invocations=136 (full 3):
 PSYoungGen      total 13312K, used 13305K [0x00000000d5580000, 0x00000000d6780000, 0x0000000100000000)
  eden space 12288K, 100% used [0x00000000d5580000,0x00000000d6180000,0x00000000d6180000)
  from space 1024K, 99% used [0x00000000d6680000,0x00000000d677e670,0x00000000d6780000)
  to   space 2560K, 0% used [0x00000000d6280000,0x00000000d6280000,0x00000000d6500000)
 ParOldGen       total 157696K, used 157545K [0x0000000080000000, 0x0000000089a00000, 0x00000000d5580000)
  object space 157696K, 99% used [0x0000000080000000,0x00000000899da780,0x0000000089a00000)
 Metaspace       used 65539K, committed 67136K, reserved 1114112K
  class space    used 6987K, committed 7680K, reserved 1048576K
}
Event: 7.508 GC heap after
{Heap after GC invocations=136 (full 3):
 PSYoungGen      total 14848K, used 1737K [0x00000000d5580000, 0x00000000d6700000, 0x0000000100000000)
  eden space 12288K, 0% used [0x00000000d5580000,0x00000000d5580000,0x00000000d6180000)
  from space 2560K, 67% used [0x00000000d6280000,0x00000000d6432470,0x00000000d6500000)
  to   space 2048K, 0% used [0x00000000d6500000,0x00000000d6500000,0x00000000d6700000)
 ParOldGen       total 158720K, used 158404K [0x0000000080000000, 0x0000000089b00000, 0x00000000d5580000)
  object space 158720K, 99% used [0x0000000080000000,0x0000000089ab1130,0x0000000089b00000)
 Metaspace       used 65539K, committed 67136K, reserved 1114112K
  class space    used 6987K, committed 7680K, reserved 1048576K
}
Event: 7.595 GC heap before
{Heap before GC invocations=137 (full 3):
 PSYoungGen      total 14848K, used 14025K [0x00000000d5580000, 0x00000000d6700000, 0x0000000100000000)
  eden space 12288K, 100% used [0x00000000d5580000,0x00000000d6180000,0x00000000d6180000)
  from space 2560K, 67% used [0x00000000d6280000,0x00000000d6432470,0x00000000d6500000)
  to   space 2048K, 0% used [0x00000000d6500000,0x00000000d6500000,0x00000000d6700000)
 ParOldGen       total 158720K, used 158404K [0x0000000080000000, 0x0000000089b00000, 0x00000000d5580000)
  object space 158720K, 99% used [0x0000000080000000,0x0000000089ab1130,0x0000000089b00000)
 Metaspace       used 65915K, committed 67520K, reserved 1114112K
  class space    used 7011K, committed 7680K, reserved 1048576K
}
Event: 7.597 GC heap after
{Heap after GC invocations=137 (full 3):
 PSYoungGen      total 14336K, used 2032K [0x00000000d5580000, 0x00000000d6880000, 0x0000000100000000)
  eden space 12288K, 0% used [0x00000000d5580000,0x00000000d5580000,0x00000000d6180000)
  from space 2048K, 99% used [0x00000000d6500000,0x00000000d66fc030,0x00000000d6700000)
  to   space 3584K, 0% used [0x00000000d6180000,0x00000000d6180000,0x00000000d6500000)
 ParOldGen       total 159744K, used 159503K [0x0000000080000000, 0x0000000089c00000, 0x00000000d5580000)
  object space 159744K, 99% used [0x0000000080000000,0x0000000089bc3eb8,0x0000000089c00000)
 Metaspace       used 65915K, committed 67520K, reserved 1114112K
  class space    used 7011K, committed 7680K, reserved 1048576K
}

